C:\USERS\MILAN\DOCUMENTS\VISUAL STUDIO 2010\PROJECTS\DIRECTX\DIRECTX\RELEASE\APPSOUND.OBJ
C:\Users\Milan\documents\visual studio 2010\Projects\DirectX\DirectX\Release\cl.command.1.tlog
C:\Users\Milan\documents\visual studio 2010\Projects\DirectX\DirectX\Release\CL.read.1.tlog
C:\Users\Milan\documents\visual studio 2010\Projects\DirectX\DirectX\Release\CL.write.1.tlog
C:\USERS\MILAN\DOCUMENTS\VISUAL STUDIO 2010\PROJECTS\DIRECTX\DIRECTX\RELEASE\DIRECTX.EXE.INTERMEDIATE.MANIFEST
C:\USERS\MILAN\DOCUMENTS\VISUAL STUDIO 2010\PROJECTS\DIRECTX\DIRECTX\RELEASE\DIRECTX.OBJ
C:\USERS\MILAN\DOCUMENTS\VISUAL STUDIO 2010\PROJECTS\DIRECTX\DIRECTX\RELEASE\DIRECTX.PCH
C:\USERS\MILAN\DOCUMENTS\VISUAL STUDIO 2010\PROJECTS\DIRECTX\DIRECTX\RELEASE\DIRECTX.RES
C:\Users\Milan\documents\visual studio 2010\Projects\DirectX\DirectX\Release\link.command.1.tlog
C:\Users\Milan\documents\visual studio 2010\Projects\DirectX\DirectX\Release\link.read.1.tlog
C:\Users\Milan\documents\visual studio 2010\Projects\DirectX\DirectX\Release\link.write.1.tlog
C:\Users\Milan\documents\visual studio 2010\Projects\DirectX\DirectX\Release\link-cvtres.read.1.tlog
C:\Users\Milan\documents\visual studio 2010\Projects\DirectX\DirectX\Release\link-cvtres.write.1.tlog
C:\Users\Milan\documents\visual studio 2010\Projects\DirectX\DirectX\Release\mt.command.1.tlog
C:\Users\Milan\documents\visual studio 2010\Projects\DirectX\DirectX\Release\mt.read.1.tlog
C:\Users\Milan\documents\visual studio 2010\Projects\DirectX\DirectX\Release\mt.write.1.tlog
C:\Users\Milan\documents\visual studio 2010\Projects\DirectX\DirectX\Release\rc.command.1.tlog
C:\Users\Milan\documents\visual studio 2010\Projects\DirectX\DirectX\Release\rc.read.1.tlog
C:\Users\Milan\documents\visual studio 2010\Projects\DirectX\DirectX\Release\rc.write.1.tlog
C:\USERS\MILAN\DOCUMENTS\VISUAL STUDIO 2010\PROJECTS\DIRECTX\DIRECTX\RELEASE\SHAPES.OBJ
C:\USERS\MILAN\DOCUMENTS\VISUAL STUDIO 2010\PROJECTS\DIRECTX\DIRECTX\RELEASE\STDAFX.OBJ
C:\USERS\MILAN\DOCUMENTS\VISUAL STUDIO 2010\PROJECTS\DIRECTX\DIRECTX\RELEASE\VC100.PDB
C:\USERS\MILAN\DOCUMENTS\VISUAL STUDIO 2010\PROJECTS\DIRECTX\RELEASE\DIRECTX.EXE
C:\USERS\MILAN\DOCUMENTS\VISUAL STUDIO 2010\PROJECTS\DIRECTX\RELEASE\DIRECTX.PDB
