C:\USERS\MILAN\DOCUMENTS\VISUAL STUDIO 2010\PROJECTS\DIRECTX\DEBUG\DIRECTX.EXE
C:\USERS\MILAN\DOCUMENTS\VISUAL STUDIO 2010\PROJECTS\DIRECTX\DEBUG\DIRECTX.ILK
C:\USERS\MILAN\DOCUMENTS\VISUAL STUDIO 2010\PROJECTS\DIRECTX\DEBUG\DIRECTX.PDB
C:\Users\Milan\documents\visual studio 2010\Projects\DirectX\DirectX\Debug\cl.command.1.tlog
C:\Users\Milan\documents\visual studio 2010\Projects\DirectX\DirectX\Debug\CL.read.1.tlog
C:\Users\Milan\documents\visual studio 2010\Projects\DirectX\DirectX\Debug\CL.write.1.tlog
C:\USERS\MILAN\DOCUMENTS\VISUAL STUDIO 2010\PROJECTS\DIRECTX\DIRECTX\DEBUG\DIRECTX.EXE.EMBED.MANIFEST
C:\USERS\MILAN\DOCUMENTS\VISUAL STUDIO 2010\PROJECTS\DIRECTX\DIRECTX\DEBUG\DIRECTX.EXE.EMBED.MANIFEST.RES
C:\USERS\MILAN\DOCUMENTS\VISUAL STUDIO 2010\PROJECTS\DIRECTX\DIRECTX\DEBUG\DIRECTX.EXE.INTERMEDIATE.MANIFEST
C:\USERS\MILAN\DOCUMENTS\VISUAL STUDIO 2010\PROJECTS\DIRECTX\DIRECTX\DEBUG\DIRECTX.OBJ
C:\USERS\MILAN\DOCUMENTS\VISUAL STUDIO 2010\PROJECTS\DIRECTX\DIRECTX\DEBUG\DIRECTX.PCH
C:\USERS\MILAN\DOCUMENTS\VISUAL STUDIO 2010\PROJECTS\DIRECTX\DIRECTX\DEBUG\DIRECTX.RES
C:\Users\Milan\documents\visual studio 2010\Projects\DirectX\DirectX\Debug\DirectX_manifest.rc
C:\Users\Milan\documents\visual studio 2010\Projects\DirectX\DirectX\Debug\link.3756.read.1.tlog
C:\Users\Milan\documents\visual studio 2010\Projects\DirectX\DirectX\Debug\link.3756.write.1.tlog
C:\Users\Milan\documents\visual studio 2010\Projects\DirectX\DirectX\Debug\link.3756-cvtres.read.1.tlog
C:\Users\Milan\documents\visual studio 2010\Projects\DirectX\DirectX\Debug\link.3756-cvtres.write.1.tlog
C:\Users\Milan\documents\visual studio 2010\Projects\DirectX\DirectX\Debug\link.4712.read.1.tlog
C:\Users\Milan\documents\visual studio 2010\Projects\DirectX\DirectX\Debug\link.4712.write.1.tlog
C:\Users\Milan\documents\visual studio 2010\Projects\DirectX\DirectX\Debug\link.4712-cvtres.read.1.tlog
C:\Users\Milan\documents\visual studio 2010\Projects\DirectX\DirectX\Debug\link.4712-cvtres.write.1.tlog
C:\Users\Milan\documents\visual studio 2010\Projects\DirectX\DirectX\Debug\link.5436.read.1.tlog
C:\Users\Milan\documents\visual studio 2010\Projects\DirectX\DirectX\Debug\link.5436.write.1.tlog
C:\Users\Milan\documents\visual studio 2010\Projects\DirectX\DirectX\Debug\link.5436-cvtres.read.1.tlog
C:\Users\Milan\documents\visual studio 2010\Projects\DirectX\DirectX\Debug\link.5436-cvtres.write.1.tlog
C:\Users\Milan\documents\visual studio 2010\Projects\DirectX\DirectX\Debug\link.command.1.tlog
C:\Users\Milan\documents\visual studio 2010\Projects\DirectX\DirectX\Debug\link.read.1.tlog
C:\Users\Milan\documents\visual studio 2010\Projects\DirectX\DirectX\Debug\link.write.1.tlog
C:\Users\Milan\documents\visual studio 2010\Projects\DirectX\DirectX\Debug\link-cvtres.read.1.tlog
C:\Users\Milan\documents\visual studio 2010\Projects\DirectX\DirectX\Debug\link-cvtres.write.1.tlog
C:\Users\Milan\documents\visual studio 2010\Projects\DirectX\DirectX\Debug\mt.command.1.tlog
C:\Users\Milan\documents\visual studio 2010\Projects\DirectX\DirectX\Debug\mt.read.1.tlog
C:\Users\Milan\documents\visual studio 2010\Projects\DirectX\DirectX\Debug\mt.write.1.tlog
C:\Users\Milan\documents\visual studio 2010\Projects\DirectX\DirectX\Debug\rc.command.1.tlog
C:\Users\Milan\documents\visual studio 2010\Projects\DirectX\DirectX\Debug\rc.read.1.tlog
C:\Users\Milan\documents\visual studio 2010\Projects\DirectX\DirectX\Debug\rc.write.1.tlog
C:\USERS\MILAN\DOCUMENTS\VISUAL STUDIO 2010\PROJECTS\DIRECTX\DIRECTX\DEBUG\STDAFX.OBJ
C:\Users\Milan\documents\visual studio 2010\Projects\DirectX\DirectX\Debug\vc100.idb
C:\USERS\MILAN\DOCUMENTS\VISUAL STUDIO 2010\PROJECTS\DIRECTX\DIRECTX\DEBUG\VC100.PDB
